(0.003) QUERY = 'SELECT "django_migrations"."app", "django_migrations"."name" FROM "django_migrations"' - PARAMS = (); args=()
(0.001) QUERY = 'SELECT "django_migrations"."app", "django_migrations"."name" FROM "django_migrations"' - PARAMS = (); args=()
(0.001) QUERY = 'SELECT "django_migrations"."app", "django_migrations"."name" FROM "django_migrations"' - PARAMS = (); args=()
CREATE TABLE "user_lastseen" ("id" int32 NOT NULL PRIMARY KEY AUTOINCREMENT, "mid" int32 NOT NULL, "flag" string NOT NULL); (params None)
(0.812) QUERY = 'CREATE TABLE "user_lastseen" ("id" int32 NOT NULL PRIMARY KEY AUTOINCREMENT, "mid" int32 NOT NULL, "flag" string NOT NULL)' - PARAMS = (); args=None
(0.148) QUERY = 'INSERT INTO "django_migrations" ("app", "name", "applied") VALUES (%s, %s, %s)' - PARAMS = ('user', '0004_auto_20200605_1502', datetime.datetime(2020, 6, 5, 15, 2, 40, 581933)); args=['user', '0004_auto_20200605_1502', datetime.datetime(2020, 6, 5, 15, 2, 40, 581933)]
(0.002) QUERY = 'SELECT "django_migrations"."app", "django_migrations"."name" FROM "django_migrations"' - PARAMS = (); args=()
(0.003) QUERY = 'SELECT "django_content_type"."id", "django_content_type"."app_label", "django_content_type"."model" FROM "django_content_type" WHERE "django_content_type"."app_label" = %s' - PARAMS = ('admin',); args=('admin',)
(0.005) QUERY = 'SELECT "django_content_type"."id", "django_content_type"."app_label", "django_content_type"."model" FROM "django_content_type" WHERE ("django_content_type"."app_label" = %s AND "django_content_type"."model" = %s)' - PARAMS = ('admin', 'logentry'); args=('admin', 'logentry')
(0.010) QUERY = 'SELECT "auth_permission"."content_type_id", "auth_permission"."codename" FROM "auth_permission" INNER JOIN "django_content_type" ON ("auth_permission"."content_type_id" = "django_content_type"."id") WHERE "auth_permission"."content_type_id" IN (%s) ORDER BY "django_content_type"."app_label" ASC, "django_content_type"."model" ASC, "auth_permission"."codename" ASC' - PARAMS = (1,); args=(1,)
(0.004) QUERY = 'SELECT "django_content_type"."id", "django_content_type"."app_label", "django_content_type"."model" FROM "django_content_type" WHERE "django_content_type"."app_label" = %s' - PARAMS = ('admin',); args=('admin',)
(0.002) QUERY = 'SELECT "django_content_type"."id", "django_content_type"."app_label", "django_content_type"."model" FROM "django_content_type" WHERE "django_content_type"."app_label" = %s' - PARAMS = ('auth',); args=('auth',)
(0.002) QUERY = 'SELECT "django_content_type"."id", "django_content_type"."app_label", "django_content_type"."model" FROM "django_content_type" WHERE ("django_content_type"."app_label" = %s AND "django_content_type"."model" = %s)' - PARAMS = ('auth', 'permission'); args=('auth', 'permission')
(0.002) QUERY = 'SELECT "django_content_type"."id", "django_content_type"."app_label", "django_content_type"."model" FROM "django_content_type" WHERE ("django_content_type"."app_label" = %s AND "django_content_type"."model" = %s)' - PARAMS = ('auth', 'group'); args=('auth', 'group')
(0.002) QUERY = 'SELECT "django_content_type"."id", "django_content_type"."app_label", "django_content_type"."model" FROM "django_content_type" WHERE ("django_content_type"."app_label" = %s AND "django_content_type"."model" = %s)' - PARAMS = ('auth', 'user'); args=('auth', 'user')
(0.005) QUERY = 'SELECT "auth_permission"."content_type_id", "auth_permission"."codename" FROM "auth_permission" INNER JOIN "django_content_type" ON ("auth_permission"."content_type_id" = "django_content_type"."id") WHERE "auth_permission"."content_type_id" IN (%s, %s, %s) ORDER BY "django_content_type"."app_label" ASC, "django_content_type"."model" ASC, "auth_permission"."codename" ASC' - PARAMS = (2, 3, 4); args=(2, 3, 4)
(0.003) QUERY = 'SELECT "django_content_type"."id", "django_content_type"."app_label", "django_content_type"."model" FROM "django_content_type" WHERE "django_content_type"."app_label" = %s' - PARAMS = ('auth',); args=('auth',)
(0.002) QUERY = 'SELECT "django_content_type"."id", "django_content_type"."app_label", "django_content_type"."model" FROM "django_content_type" WHERE "django_content_type"."app_label" = %s' - PARAMS = ('contenttypes',); args=('contenttypes',)
(0.002) QUERY = 'SELECT "django_content_type"."id", "django_content_type"."app_label", "django_content_type"."model" FROM "django_content_type" WHERE ("django_content_type"."app_label" = %s AND "django_content_type"."model" = %s)' - PARAMS = ('contenttypes', 'contenttype'); args=('contenttypes', 'contenttype')
(0.003) QUERY = 'SELECT "auth_permission"."content_type_id", "auth_permission"."codename" FROM "auth_permission" INNER JOIN "django_content_type" ON ("auth_permission"."content_type_id" = "django_content_type"."id") WHERE "auth_permission"."content_type_id" IN (%s) ORDER BY "django_content_type"."app_label" ASC, "django_content_type"."model" ASC, "auth_permission"."codename" ASC' - PARAMS = (5,); args=(5,)
(0.002) QUERY = 'SELECT "django_content_type"."id", "django_content_type"."app_label", "django_content_type"."model" FROM "django_content_type" WHERE "django_content_type"."app_label" = %s' - PARAMS = ('contenttypes',); args=('contenttypes',)
(0.002) QUERY = 'SELECT "django_content_type"."id", "django_content_type"."app_label", "django_content_type"."model" FROM "django_content_type" WHERE "django_content_type"."app_label" = %s' - PARAMS = ('sessions',); args=('sessions',)
(0.002) QUERY = 'SELECT "django_content_type"."id", "django_content_type"."app_label", "django_content_type"."model" FROM "django_content_type" WHERE ("django_content_type"."app_label" = %s AND "django_content_type"."model" = %s)' - PARAMS = ('sessions', 'session'); args=('sessions', 'session')
(0.003) QUERY = 'SELECT "auth_permission"."content_type_id", "auth_permission"."codename" FROM "auth_permission" INNER JOIN "django_content_type" ON ("auth_permission"."content_type_id" = "django_content_type"."id") WHERE "auth_permission"."content_type_id" IN (%s) ORDER BY "django_content_type"."app_label" ASC, "django_content_type"."model" ASC, "auth_permission"."codename" ASC' - PARAMS = (6,); args=(6,)
(0.002) QUERY = 'SELECT "django_content_type"."id", "django_content_type"."app_label", "django_content_type"."model" FROM "django_content_type" WHERE "django_content_type"."app_label" = %s' - PARAMS = ('sessions',); args=('sessions',)
(0.002) QUERY = 'SELECT "django_content_type"."id", "django_content_type"."app_label", "django_content_type"."model" FROM "django_content_type" WHERE "django_content_type"."app_label" = %s' - PARAMS = ('user',); args=('user',)
(0.024) QUERY = 'INSERT INTO "django_content_type" ("app_label", "model") VALUES (%s, %s)' - PARAMS = ('user', 'lastseen'); args=('user', 'lastseen')
(0.002) QUERY = 'SELECT "django_content_type"."id", "django_content_type"."app_label", "django_content_type"."model" FROM "django_content_type" WHERE ("django_content_type"."app_label" = %s AND "django_content_type"."model" = %s)' - PARAMS = ('user', 'user'); args=('user', 'user')
(0.002) QUERY = 'SELECT "django_content_type"."id", "django_content_type"."app_label", "django_content_type"."model" FROM "django_content_type" WHERE ("django_content_type"."app_label" = %s AND "django_content_type"."model" = %s)' - PARAMS = ('user', 'mesibogroup'); args=('user', 'mesibogroup')
(0.002) QUERY = 'SELECT "django_content_type"."id", "django_content_type"."app_label", "django_content_type"."model" FROM "django_content_type" WHERE ("django_content_type"."app_label" = %s AND "django_content_type"."model" = %s)' - PARAMS = ('user', 'mesibouser'); args=('user', 'mesibouser')
(0.002) QUERY = 'SELECT "django_content_type"."id", "django_content_type"."app_label", "django_content_type"."model" FROM "django_content_type" WHERE ("django_content_type"."app_label" = %s AND "django_content_type"."model" = %s)' - PARAMS = ('user', 'lastseen'); args=('user', 'lastseen')
(0.004) QUERY = 'SELECT "auth_permission"."content_type_id", "auth_permission"."codename" FROM "auth_permission" INNER JOIN "django_content_type" ON ("auth_permission"."content_type_id" = "django_content_type"."id") WHERE "auth_permission"."content_type_id" IN (%s, %s, %s, %s) ORDER BY "django_content_type"."app_label" ASC, "django_content_type"."model" ASC, "auth_permission"."codename" ASC' - PARAMS = (24, 25, 28, 7); args=(24, 25, 28, 7)
(0.064) QUERY = 'INSERT INTO "auth_permission" ("name", "content_type_id", "codename") VALUES (%s, %s, %s) VALUES (%s, %s, %s) VALUES (%s, %s, %s) VALUES (%s, %s, %s)' - PARAMS = ('Can add last seen', 28, 'add_lastseen', 'Can change last seen', 28, 'change_lastseen', 'Can delete last seen', 28, 'delete_lastseen', 'Can view last seen', 28, 'view_lastseen'); args=('Can add last seen', 28, 'add_lastseen', 'Can change last seen', 28, 'change_lastseen', 'Can delete last seen', 28, 'delete_lastseen', 'Can view last seen', 28, 'view_lastseen')
(0.006) QUERY = 'SELECT "django_content_type"."id", "django_content_type"."app_label", "django_content_type"."model" FROM "django_content_type" WHERE "django_content_type"."app_label" = %s' - PARAMS = ('user',); args=('user',)
(0.005) QUERY = 'SELECT "django_content_type"."id", "django_content_type"."app_label", "django_content_type"."model" FROM "django_content_type" WHERE "django_content_type"."app_label" = %s' - PARAMS = ('user_profile',); args=('user_profile',)
(0.005) QUERY = 'SELECT "django_content_type"."id", "django_content_type"."app_label", "django_content_type"."model" FROM "django_content_type" WHERE ("django_content_type"."app_label" = %s AND "django_content_type"."model" = %s)' - PARAMS = ('user_profile', 'certification'); args=('user_profile', 'certification')
(0.005) QUERY = 'SELECT "django_content_type"."id", "django_content_type"."app_label", "django_content_type"."model" FROM "django_content_type" WHERE ("django_content_type"."app_label" = %s AND "django_content_type"."model" = %s)' - PARAMS = ('user_profile', 'college'); args=('user_profile', 'college')
(0.003) QUERY = 'SELECT "django_content_type"."id", "django_content_type"."app_label", "django_content_type"."model" FROM "django_content_type" WHERE ("django_content_type"."app_label" = %s AND "django_content_type"."model" = %s)' - PARAMS = ('user_profile', 'collegecourse'); args=('user_profile', 'collegecourse')
(0.002) QUERY = 'SELECT "django_content_type"."id", "django_content_type"."app_label", "django_content_type"."model" FROM "django_content_type" WHERE ("django_content_type"."app_label" = %s AND "django_content_type"."model" = %s)' - PARAMS = ('user_profile', 'competition'); args=('user_profile', 'competition')
(0.002) QUERY = 'SELECT "django_content_type"."id", "django_content_type"."app_label", "django_content_type"."model" FROM "django_content_type" WHERE ("django_content_type"."app_label" = %s AND "django_content_type"."model" = %s)' - PARAMS = ('user_profile', 'onlinecourse'); args=('user_profile', 'onlinecourse')
(0.002) QUERY = 'SELECT "django_content_type"."id", "django_content_type"."app_label", "django_content_type"."model" FROM "django_content_type" WHERE ("django_content_type"."app_label" = %s AND "django_content_type"."model" = %s)' - PARAMS = ('user_profile', 'patent'); args=('user_profile', 'patent')
(0.002) QUERY = 'SELECT "django_content_type"."id", "django_content_type"."app_label", "django_content_type"."model" FROM "django_content_type" WHERE ("django_content_type"."app_label" = %s AND "django_content_type"."model" = %s)' - PARAMS = ('user_profile', 'por'); args=('user_profile', 'por')
(0.002) QUERY = 'SELECT "django_content_type"."id", "django_content_type"."app_label", "django_content_type"."model" FROM "django_content_type" WHERE ("django_content_type"."app_label" = %s AND "django_content_type"."model" = %s)' - PARAMS = ('user_profile', 'position'); args=('user_profile', 'position')
(0.002) QUERY = 'SELECT "django_content_type"."id", "django_content_type"."app_label", "django_content_type"."model" FROM "django_content_type" WHERE ("django_content_type"."app_label" = %s AND "django_content_type"."model" = %s)' - PARAMS = ('user_profile', 'previntern'); args=('user_profile', 'previntern')
(0.002) QUERY = 'SELECT "django_content_type"."id", "django_content_type"."app_label", "django_content_type"."model" FROM "django_content_type" WHERE ("django_content_type"."app_label" = %s AND "django_content_type"."model" = %s)' - PARAMS = ('user_profile', 'profile'); args=('user_profile', 'profile')
(0.002) QUERY = 'SELECT "django_content_type"."id", "django_content_type"."app_label", "django_content_type"."model" FROM "django_content_type" WHERE ("django_content_type"."app_label" = %s AND "django_content_type"."model" = %s)' - PARAMS = ('user_profile', 'project'); args=('user_profile', 'project')
(0.002) QUERY = 'SELECT "django_content_type"."id", "django_content_type"."app_label", "django_content_type"."model" FROM "django_content_type" WHERE ("django_content_type"."app_label" = %s AND "django_content_type"."model" = %s)' - PARAMS = ('user_profile', 'researchpaper'); args=('user_profile', 'researchpaper')
(0.002) QUERY = 'SELECT "django_content_type"."id", "django_content_type"."app_label", "django_content_type"."model" FROM "django_content_type" WHERE ("django_content_type"."app_label" = %s AND "django_content_type"."model" = %s)' - PARAMS = ('user_profile', 'school'); args=('user_profile', 'school')
(0.002) QUERY = 'SELECT "django_content_type"."id", "django_content_type"."app_label", "django_content_type"."model" FROM "django_content_type" WHERE ("django_content_type"."app_label" = %s AND "django_content_type"."model" = %s)' - PARAMS = ('user_profile', 'skill'); args=('user_profile', 'skill')
(0.002) QUERY = 'SELECT "django_content_type"."id", "django_content_type"."app_label", "django_content_type"."model" FROM "django_content_type" WHERE ("django_content_type"."app_label" = %s AND "django_content_type"."model" = %s)' - PARAMS = ('user_profile', 'place'); args=('user_profile', 'place')
(0.002) QUERY = 'SELECT "django_content_type"."id", "django_content_type"."app_label", "django_content_type"."model" FROM "django_content_type" WHERE ("django_content_type"."app_label" = %s AND "django_content_type"."model" = %s)' - PARAMS = ('user_profile', 'preferences'); args=('user_profile', 'preferences')
(0.006) QUERY = 'SELECT "auth_permission"."content_type_id", "auth_permission"."codename" FROM "auth_permission" INNER JOIN "django_content_type" ON ("auth_permission"."content_type_id" = "django_content_type"."id") WHERE "auth_permission"."content_type_id" IN (%s, %s, %s, %s, %s, %s, %s, %s, %s, %s, %s, %s, %s, %s, %s, %s) ORDER BY "django_content_type"."app_label" ASC, "django_content_type"."model" ASC, "auth_permission"."codename" ASC' - PARAMS = (8, 9, 10, 11, 12, 13, 14, 15, 16, 17, 18, 19, 20, 21, 22, 23); args=(8, 9, 10, 11, 12, 13, 14, 15, 16, 17, 18, 19, 20, 21, 22, 23)
(0.002) QUERY = 'SELECT "django_content_type"."id", "django_content_type"."app_label", "django_content_type"."model" FROM "django_content_type" WHERE "django_content_type"."app_label" = %s' - PARAMS = ('user_profile',); args=('user_profile',)
(0.002) QUERY = 'SELECT "django_content_type"."id", "django_content_type"."app_label", "django_content_type"."model" FROM "django_content_type" WHERE "django_content_type"."app_label" = %s' - PARAMS = ('chat',); args=('chat',)
(0.002) QUERY = 'SELECT "django_content_type"."id", "django_content_type"."app_label", "django_content_type"."model" FROM "django_content_type" WHERE ("django_content_type"."app_label" = %s AND "django_content_type"."model" = %s)' - PARAMS = ('chat', 'group'); args=('chat', 'group')
(0.002) QUERY = 'SELECT "django_content_type"."id", "django_content_type"."app_label", "django_content_type"."model" FROM "django_content_type" WHERE ("django_content_type"."app_label" = %s AND "django_content_type"."model" = %s)' - PARAMS = ('chat', 'mail'); args=('chat', 'mail')
(0.004) QUERY = 'SELECT "auth_permission"."content_type_id", "auth_permission"."codename" FROM "auth_permission" INNER JOIN "django_content_type" ON ("auth_permission"."content_type_id" = "django_content_type"."id") WHERE "auth_permission"."content_type_id" IN (%s, %s) ORDER BY "django_content_type"."app_label" ASC, "django_content_type"."model" ASC, "auth_permission"."codename" ASC' - PARAMS = (26, 27); args=(26, 27)
(0.002) QUERY = 'SELECT "django_content_type"."id", "django_content_type"."app_label", "django_content_type"."model" FROM "django_content_type" WHERE "django_content_type"."app_label" = %s' - PARAMS = ('chat',); args=('chat',)
